Reading 3 and 3 cycles from run 1840 in root_files/ucn_tree_00001840.root
Reading 2 and 2 cycles from run 1844 in root_files/ucn_tree_00001844.root
Reading 17 and 17 cycles from run 1846 in root_files/ucn_tree_00001846.root
Reading 9 and 9 cycles from run 1855 in root_files/ucn_tree_00001855.root
Reading 15 and 15 cycles from run 1857 in root_files/ucn_tree_00001857.root
 Sequencer was disabled in run 1860, trying to add artifical cycle from 1572505369 to 1572505858
Reading 15 and 15 cycles from run 1862 in root_files/ucn_tree_00001862.root
 Sequencer was disabled in run 1864, trying to add artifical cycle from 1572519134 to 1572519171
Reading 23 and 23 cycles from run 1865 in root_files/ucn_tree_00001865.root
Reading 13 and 13 cycles from run 1872 in root_files/ucn_tree_00001872.root
Reading 10 and 10 cycles from run 1880 in root_files/ucn_tree_00001880.root
Reading 19 and 19 cycles from run 1883 in root_files/ucn_tree_00001883.root
Reading 19 and 19 cycles from run 1885 in root_files/ucn_tree_00001885.root
Reading 22 and 22 cycles from run 1887 in root_files/ucn_tree_00001887.root
Reading 39 and 39 cycles from run 1895 in root_files/ucn_tree_00001895.root
Reading 42 and 42 cycles from run 1909 in root_files/ucn_tree_00001909.root
Reading 41 and 41 cycles from run 1915 in root_files/ucn_tree_00001915.root
Reading 41 and 41 cycles from run 1921 in root_files/ucn_tree_00001921.root
Reading 41 and 41 cycles from run 1925 in root_files/ucn_tree_00001925.root
Reading 4 and 4 cycles from run 1930 in root_files/ucn_tree_00001930.root
Reading 2 and 2 cycles from run 1932 in root_files/ucn_tree_00001932.root
Reading 25 and 25 cycles from run 1933 in root_files/ucn_tree_00001933.root
Reading 21 and 21 cycles from run 1937 in root_files/ucn_tree_00001937.root
Reading 21 and 21 cycles from run 1941 in root_files/ucn_tree_00001941.root
Reading 2 and 2 cycles from run 1944 in root_files/ucn_tree_00001944.root
Reading 21 and 21 cycles from run 1945 in root_files/ucn_tree_00001945.root
Reading 17 and 17 cycles from run 1951 in root_files/ucn_tree_00001951.root
 Sequencer was disabled in run 1955, trying to add artifical cycle from 1572964734 to 1572965249
Reading 17 and 17 cycles from run 1956 in root_files/ucn_tree_00001956.root
Reading 21 and 21 cycles from run 1958 in root_files/ucn_tree_00001958.root
Reading 27 and 27 cycles from run 1964 in root_files/ucn_tree_00001964.root
Reading 42 and 42 cycles from run 1966 in root_files/ucn_tree_00001966.root
Reading 48 and 48 cycles from run 1970 in root_files/ucn_tree_00001970.root
Reading 17 and 17 cycles from run 1980 in root_files/ucn_tree_00001980.root
Reading 17 and 17 cycles from run 1983 in root_files/ucn_tree_00001983.root
Reading 19 and 19 cycles from run 1986 in root_files/ucn_tree_00001986.root
Reading 26 and 26 cycles from run 1988 in root_files/ucn_tree_00001988.root
Reading 21 and 21 cycles from run 1993 in root_files/ucn_tree_00001993.root
Reading 17 and 17 cycles from run 1997 in root_files/ucn_tree_00001997.root
Reading 19 and 19 cycles from run 2001 in root_files/ucn_tree_00002001.root
Reading 19 and 19 cycles from run 2003 in root_files/ucn_tree_00002003.root
Reading 10 and 10 cycles from run 2009 in root_files/ucn_tree_00002009.root
Reading 9 and 9 cycles from run 2011 in root_files/ucn_tree_00002011.root
Reading 22 and 22 cycles from run 2012 in root_files/ucn_tree_00002012.root
Reading 22 and 22 cycles from run 2021 in root_files/ucn_tree_00002021.root
Reading 41 and 41 cycles from run 2027 in root_files/ucn_tree_00002027.root
Reading 48 and 48 cycles from run 2031 in root_files/ucn_tree_00002031.root
Reading 29 and 29 cycles from run 2034 in root_files/ucn_tree_00002034.root
Reading 21 and 21 cycles from run 2040 in root_files/ucn_tree_00002040.root
Reading 9 and 9 cycles from run 2046 in root_files/ucn_tree_00002046.root
Reading 5 and 5 cycles from run 1841 in root_files/ucn_tree_00001841.root
Reading 4 and 4 cycles from run 1848 in root_files/ucn_tree_00001848.root
Reading 1 and 1 cycles from run 1849 in root_files/ucn_tree_00001849.root
Reading 5 and 5 cycles from run 1850 in root_files/ucn_tree_00001850.root
Reading 4 and 4 cycles from run 1851 in root_files/ucn_tree_00001851.root
 Skipping run 1852 because He3 (0) or Li6 (0) detector does not contain any cycles
Reading 13 and 13 cycles from run 1853 in root_files/ucn_tree_00001853.root
Reading 17 and 17 cycles from run 1861 in root_files/ucn_tree_00001861.root
Reading 11 and 11 cycles from run 1868 in root_files/ucn_tree_00001868.root
Reading 13 and 13 cycles from run 1869 in root_files/ucn_tree_00001869.root
 Skipping run 1878 because He3 (0) or Li6 (0) detector does not contain any cycles
Reading 9 and 9 cycles from run 1879 in root_files/ucn_tree_00001879.root
Reading 5 and 5 cycles from run 1881 in root_files/ucn_tree_00001881.root
Reading 19 and 19 cycles from run 1882 in root_files/ucn_tree_00001882.root
Reading 19 and 19 cycles from run 1884 in root_files/ucn_tree_00001884.root
Reading 19 and 19 cycles from run 1886 in root_files/ucn_tree_00001886.root
 Skipping run 1891 because He3 (0) or Li6 (0) detector does not contain any cycles
Reading 10 and 10 cycles from run 1892 in root_files/ucn_tree_00001892.root
Reading 3 and 3 cycles from run 1893 in root_files/ucn_tree_00001893.root
Reading 40 and 40 cycles from run 1894 in root_files/ucn_tree_00001894.root
Reading 17 and 17 cycles from run 1908 in root_files/ucn_tree_00001908.root
Reading 15 and 15 cycles from run 1911 in root_files/ucn_tree_00001911.root
Reading 43 and 43 cycles from run 1913 in root_files/ucn_tree_00001913.root
Reading 8 and 8 cycles from run 1917 in root_files/ucn_tree_00001917.root
Reading 22 and 22 cycles from run 1918 in root_files/ucn_tree_00001918.root
Reading 42 and 42 cycles from run 1920 in root_files/ucn_tree_00001920.root
Reading 41 and 41 cycles from run 1923 in root_files/ucn_tree_00001923.root
Reading 27 and 27 cycles from run 1928 in root_files/ucn_tree_00001928.root
Reading 25 and 25 cycles from run 1934 in root_files/ucn_tree_00001934.root
Reading 23 and 23 cycles from run 1939 in root_files/ucn_tree_00001939.root
Reading 17 and 17 cycles from run 1946 in root_files/ucn_tree_00001946.root
Reading 3 and 3 cycles from run 1948 in root_files/ucn_tree_00001948.root
 Skipping run 1949 because He3 (0) or Li6 (0) detector does not contain any cycles
Reading 21 and 21 cycles from run 1950 in root_files/ucn_tree_00001950.root
Reading 19 and 19 cycles from run 1960 in root_files/ucn_tree_00001960.root
Reading 22 and 22 cycles from run 1963 in root_files/ucn_tree_00001963.root
Reading 41 and 41 cycles from run 1965 in root_files/ucn_tree_00001965.root
Reading 41 and 41 cycles from run 1969 in root_files/ucn_tree_00001969.root
 Sequencer was disabled in run 1974, trying to add artifical cycle from 1573119003 to 1573120233
 Sequencer was disabled in run 1975, trying to add artifical cycle from 1573120283 to 1573120624
Reading 17 and 17 cycles from run 1976 in root_files/ucn_tree_00001976.root
Reading 21 and 21 cycles from run 1981 in root_files/ucn_tree_00001981.root
Reading 22 and 22 cycles from run 1985 in root_files/ucn_tree_00001985.root
Reading 17 and 17 cycles from run 1989 in root_files/ucn_tree_00001989.root
Reading 21 and 21 cycles from run 1991 in root_files/ucn_tree_00001991.root
Reading 20 and 20 cycles from run 1996 in root_files/ucn_tree_00001996.root
Reading 22 and 22 cycles from run 2000 in root_files/ucn_tree_00002000.root
Reading 8 and 8 cycles from run 2004 in root_files/ucn_tree_00002004.root
 Skipping run 2006 because He3 (0) or Li6 (0) detector does not contain any cycles
Reading 20 and 20 cycles from run 2007 in root_files/ucn_tree_00002007.root
Reading 21 and 21 cycles from run 2013 in root_files/ucn_tree_00002013.root
Reading 17 and 17 cycles from run 2017 in root_files/ucn_tree_00002017.root
Reading 22 and 22 cycles from run 2019 in root_files/ucn_tree_00002019.root
Reading 5 and 5 cycles from run 2025 in root_files/ucn_tree_00002025.root
Reading 45 and 45 cycles from run 2026 in root_files/ucn_tree_00002026.root
Reading 42 and 42 cycles from run 2030 in root_files/ucn_tree_00002030.root
Reading 41 and 41 cycles from run 2033 in root_files/ucn_tree_00002033.root
Reading 20 and 20 cycles from run 2041 in root_files/ucn_tree_00002041.root
Reading 14 and 14 cycles from run 1843 in root_files/ucn_tree_00001843.root
Reading 5 and 5 cycles from run 1859 in root_files/ucn_tree_00001859.root
Reading 19 and 19 cycles from run 1863 in root_files/ucn_tree_00001863.root
Reading 18 and 18 cycles from run 1867 in root_files/ucn_tree_00001867.root
Reading 1 and 1 cycles from run 1870 in root_files/ucn_tree_00001870.root
Reading 12 and 12 cycles from run 1871 in root_files/ucn_tree_00001871.root
Reading 5 and 5 cycles from run 1874 in root_files/ucn_tree_00001874.root
Reading 3 and 3 cycles from run 1875 in root_files/ucn_tree_00001875.root
Reading 35 and 35 cycles from run 1876 in root_files/ucn_tree_00001876.root
Reading 1 and 1 cycles from run 1888 in root_files/ucn_tree_00001888.root
Reading 2 and 2 cycles from run 1889 in root_files/ucn_tree_00001889.root
Reading 22 and 22 cycles from run 1890 in root_files/ucn_tree_00001890.root
 Skipping run 1897 because He3 (0) or Li6 (0) detector does not contain any cycles
Reading 19 and 19 cycles from run 1898 in root_files/ucn_tree_00001898.root
Reading 2 and 2 cycles from run 1900 in root_files/ucn_tree_00001900.root
Reading 1 and 1 cycles from run 1901 in root_files/ucn_tree_00001901.root
Reading 12 and 12 cycles from run 1902 in root_files/ucn_tree_00001902.root
Reading 2 and 2 cycles from run 1903 in root_files/ucn_tree_00001903.root
Reading 2 and 2 cycles from run 1904 in root_files/ucn_tree_00001904.root
Reading 11 and 11 cycles from run 1905 in root_files/ucn_tree_00001905.root
Reading 23 and 23 cycles from run 1906 in root_files/ucn_tree_00001906.root
Reading 41 and 41 cycles from run 1912 in root_files/ucn_tree_00001912.root
Reading 41 and 41 cycles from run 1916 in root_files/ucn_tree_00001916.root
Reading 42 and 42 cycles from run 1922 in root_files/ucn_tree_00001922.root
Reading 19 and 19 cycles from run 1926 in root_files/ucn_tree_00001926.root
Reading 31 and 31 cycles from run 1927 in root_files/ucn_tree_00001927.root
Reading 24 and 24 cycles from run 1931 in root_files/ucn_tree_00001931.root
Reading 21 and 21 cycles from run 1935 in root_files/ucn_tree_00001935.root
Reading 21 and 21 cycles from run 1943 in root_files/ucn_tree_00001943.root
Reading 3 and 3 cycles from run 1952 in root_files/ucn_tree_00001952.root
 Skipping cycle 1 in run 1952 because cycle sequence (195.0s) is longer than irradiation interval (59.99928366s+129.99933594s)
 Skipping cycle 2 in run 1952 because cycle sequence (195.0s) is longer than irradiation interval (59.99928366s+129.99933594s)
Reading 2 and 2 cycles from run 1953 in root_files/ucn_tree_00001953.root
Reading 21 and 21 cycles from run 1954 in root_files/ucn_tree_00001954.root
Reading 17 and 17 cycles from run 1959 in root_files/ucn_tree_00001959.root
Reading 41 and 41 cycles from run 1962 in root_files/ucn_tree_00001962.root
Reading 41 and 41 cycles from run 1968 in root_files/ucn_tree_00001968.root
Reading 25 and 25 cycles from run 1971 in root_files/ucn_tree_00001971.root
Reading 24 and 24 cycles from run 1977 in root_files/ucn_tree_00001977.root
Reading 21 and 21 cycles from run 1987 in root_files/ucn_tree_00001987.root
Reading 22 and 22 cycles from run 1994 in root_files/ucn_tree_00001994.root
Reading 17 and 17 cycles from run 1999 in root_files/ucn_tree_00001999.root
Reading 21 and 21 cycles from run 2002 in root_files/ucn_tree_00002002.root
Reading 10 and 10 cycles from run 2008 in root_files/ucn_tree_00002008.root
Reading 17 and 17 cycles from run 2010 in root_files/ucn_tree_00002010.root
Reading 21 and 21 cycles from run 2015 in root_files/ucn_tree_00002015.root
Reading 17 and 17 cycles from run 2018 in root_files/ucn_tree_00002018.root
Reading 18 and 18 cycles from run 2022 in root_files/ucn_tree_00002022.root
Reading 37 and 37 cycles from run 2024 in root_files/ucn_tree_00002024.root
Reading 43 and 43 cycles from run 2028 in root_files/ucn_tree_00002028.root
Reading 41 and 41 cycles from run 2032 in root_files/ucn_tree_00002032.root
Reading 3 and 3 cycles from run 2037 in root_files/ucn_tree_00002037.root
Reading 17 and 17 cycles from run 2038 in root_files/ucn_tree_00002038.root
Reading 24 and 24 cycles from run 2039 in root_files/ucn_tree_00002039.root
Reading 3 and 3 cycles from run 2042 in root_files/ucn_tree_00002042.root
Reading 10 and 10 cycles from run 2043 in root_files/ucn_tree_00002043.root
 Skipping run 2047 because He3 (0) or Li6 (0) detector does not contain any cycles
Reading 2 and 2 cycles from run 2048 in root_files/ucn_tree_00002048.root
 Sequencer was disabled in run 2049, trying to add artifical cycle from 1573764010 to 1573765002
Reading 21 and 21 cycles from run 2050 in root_files/ucn_tree_00002050.root
Writing 3 cycles from run 1840
Writing 1 cycles from run 1842
Writing 2 cycles from run 1844
Writing 2 cycles from run 1845
Writing 5 cycles from run 1841
Writing 4 cycles from run 1848
Writing 1 cycles from run 1849
Writing 5 cycles from run 1850
Writing 4 cycles from run 1851
Writing 16 cycles from run 1847
Writing 17 cycles from run 1846
Writing 4 cycles from run 1854
Writing 9 cycles from run 1855
Writing 15 cycles from run 1856
Writing 14 cycles from run 1843
Writing 15 cycles from run 1857
Writing 13 cycles from run 1853
Writing 1 cycles from run 1860
Writing 5 cycles from run 1859
Writing 15 cycles from run 1862
Writing 1 cycles from run 1864
Writing 16 cycles from run 1858
Writing 19 cycles from run 1863
Writing 17 cycles from run 1861
Writing 11 cycles from run 1868
Writing 18 cycles from run 1867
Writing 1 cycles from run 1870
Writing 23 cycles from run 1865
Writing 15 cycles from run 1866
Writing 12 cycles from run 1871
Writing 5 cycles from run 1874
Writing 3 cycles from run 1875
Writing 17 cycles from run 1873
Writing 13 cycles from run 1869
Writing 13 cycles from run 1872
Writing 9 cycles from run 1879
Writing 5 cycles from run 1881
Writing 10 cycles from run 1880
Writing 19 cycles from run 1882
Writing 19 cycles from run 1883
Writing 19 cycles from run 1884
Writing 19 cycles from run 1885
Writing 35 cycles from run 1876
Writing 1 cycles from run 1888
Writing 2 cycles from run 1889
Writing 19 cycles from run 1886
Writing 10 cycles from run 1892
Writing 3 cycles from run 1893
Writing 22 cycles from run 1887
Writing 27 cycles from run 1877
Writing 22 cycles from run 1890
Writing 19 cycles from run 1896
Writing 19 cycles from run 1898
Writing 2 cycles from run 1900
Writing 1 cycles from run 1901
Writing 12 cycles from run 1902
Writing 2 cycles from run 1903
Writing 2 cycles from run 1904
Writing 11 cycles from run 1905
Writing 19 cycles from run 1899
Writing 40 cycles from run 1894
Writing 39 cycles from run 1895
Writing 16 cycles from run 1907
Writing 17 cycles from run 1908
Writing 23 cycles from run 1906
Writing 15 cycles from run 1911
Writing 27 cycles from run 1910
Writing 42 cycles from run 1909
Writing 41 cycles from run 1912
Writing 43 cycles from run 1913
Writing 8 cycles from run 1917
Writing 41 cycles from run 1914
Writing 22 cycles from run 1918
Writing 41 cycles from run 1915
Writing 41 cycles from run 1916
Writing 42 cycles from run 1920
Writing 43 cycles from run 1919
Writing 41 cycles from run 1921
Writing 42 cycles from run 1922
Writing 19 cycles from run 1926
Writing 41 cycles from run 1923
Writing 43 cycles from run 1924
Writing 41 cycles from run 1925
Writing 31 cycles from run 1927
Writing 4 cycles from run 1930
Writing 2 cycles from run 1932
Writing 27 cycles from run 1928
Writing 24 cycles from run 1931
Writing 21 cycles from run 1929
Writing 25 cycles from run 1933
Writing 1 cycles from run 1936
Writing 25 cycles from run 1934
Writing 18 cycles from run 1938
Writing 21 cycles from run 1937
Writing 17 cycles from run 1940
Writing 21 cycles from run 1935
Writing 21 cycles from run 1941
Writing 2 cycles from run 1944
Writing 23 cycles from run 1939
Writing 25 cycles from run 1942
Writing 17 cycles from run 1946
Writing 3 cycles from run 1948
Writing 21 cycles from run 1945
Writing 21 cycles from run 1943
Writing 1 cycles from run 1952
Writing 2 cycles from run 1953
Writing 17 cycles from run 1951
Writing 1 cycles from run 1955
Writing 22 cycles from run 1947
Writing 17 cycles from run 1956
Writing 21 cycles from run 1954
Writing 21 cycles from run 1950
Writing 23 cycles from run 1957
Writing 17 cycles from run 1959
Writing 19 cycles from run 1960
Writing 21 cycles from run 1958
Writing 22 cycles from run 1963
Writing 27 cycles from run 1964
Writing 41 cycles from run 1961
Writing 41 cycles from run 1962
Writing 41 cycles from run 1965
Writing 42 cycles from run 1966
Writing 41 cycles from run 1968
Writing 51 cycles from run 1967
Writing 41 cycles from run 1969
Writing 1 cycles from run 1974
Writing 1 cycles from run 1975
Writing 25 cycles from run 1971
Writing 21 cycles from run 1973
Writing 1 cycles from run 1978
Writing 48 cycles from run 1970
Writing 17 cycles from run 1976
Writing 17 cycles from run 1979
Writing 17 cycles from run 1980
Writing 17 cycles from run 1982
Writing 21 cycles from run 1981
Writing 17 cycles from run 1983
Writing 24 cycles from run 1977
Writing 19 cycles from run 1986
Writing 22 cycles from run 1985
Writing 21 cycles from run 1984
Writing 17 cycles from run 1989
Writing 1 cycles from run 1990
Writing 26 cycles from run 1988
Writing 21 cycles from run 1987
Writing 19 cycles from run 1992
Writing 21 cycles from run 1991
Writing 21 cycles from run 1993
Writing 17 cycles from run 1995
Writing 22 cycles from run 1994
Writing 20 cycles from run 1996
Writing 17 cycles from run 1997
Writing 17 cycles from run 1999
Writing 19 cycles from run 2001
Writing 22 cycles from run 2000
Writing 22 cycles from run 1998
Writing 8 cycles from run 2004
Writing 21 cycles from run 2002
Writing 19 cycles from run 2003
Writing 10 cycles from run 2008
Writing 10 cycles from run 2009
Writing 9 cycles from run 2011
Writing 20 cycles from run 2007
Writing 23 cycles from run 2005
Writing 17 cycles from run 2010
Writing 19 cycles from run 2014
Writing 21 cycles from run 2013
Writing 21 cycles from run 2015
Writing 17 cycles from run 2017
Writing 19 cycles from run 2016
Writing 22 cycles from run 2012
Writing 17 cycles from run 2018
Writing 18 cycles from run 2020
Writing 18 cycles from run 2022
Writing 22 cycles from run 2019
Writing 5 cycles from run 2025
Writing 22 cycles from run 2021
Writing 37 cycles from run 2024
Writing 41 cycles from run 2023
Writing 45 cycles from run 2026
Writing 41 cycles from run 2027
Writing 43 cycles from run 2028
Writing 42 cycles from run 2030
Writing 48 cycles from run 2031
Writing 49 cycles from run 2029
Writing 4 cycles from run 2035
Writing 41 cycles from run 2032
Writing 3 cycles from run 2037
Writing 17 cycles from run 2038
Writing 29 cycles from run 2034
Writing 41 cycles from run 2033
Writing 24 cycles from run 2039
Writing 3 cycles from run 2042
Writing 42 cycles from run 2036
Writing 2 cycles from run 2044
Writing 21 cycles from run 2040
Writing 10 cycles from run 2043
Writing 2 cycles from run 2048
Writing 1 cycles from run 2049
Writing 20 cycles from run 2041
Writing 9 cycles from run 2046
Writing 21 cycles from run 2050
Writing 17 cycles from run 2045
